Arguments: 
  C:\Program Files\nodejs\node.exe C:\Users\bryan\AppData\Roaming\npm\node_modules\yarn\bin\yarn.js add better-sqlite

PATH: 
  C:\Program Files\Eclipse Adoptium\jdk-8.0.352.8-hotspot\bin;C:\WINDOWS\system32;C:\WINDOWS;C:\WINDOWS\System32\Wbem;C:\WINDOWS\System32\WindowsPowerShell\v1.0\;C:\WINDOWS\System32\OpenSSH\;C:\Program Files\nodejs\;C:\Program Files\Git\cmd;C:\Program Files\Git\mingw64\bin;C:\Program Files\Git\usr\bin;C:\Program Files\dotnet\;C:\Users\bryan\scoop\apps\gcc\current\bin;C:\Users\bryan\scoop\shims;C:\Users\bryan\AppData\Local\Programs\Python\Python311\Scripts\;C:\Users\bryan\AppData\Local\Programs\Python\Python311\;C:\Users\bryan\AppData\Local\Microsoft\WindowsApps;C:\Users\bryan\AppData\Roaming\npm;C:\Users\bryan\AppData\Local\Programs\Hyper\resources\bin;C:\Users\bryan\AppData\Local\JetBrains\Toolbox\scripts;C:\Users\bryan\AppData\Local\Programs\oh-my-posh\bin;C:\Users\bryan\AppData\Local\Programs\Microsoft VS Code\bin

Yarn version: 
  1.22.19

Node version: 
  18.12.1

Platform: 
  win32 x64

Trace: 
  Error: https://registry.yarnpkg.com/better-sqlite: Not found
      at params.callback [as _callback] (C:\Users\bryan\AppData\Roaming\npm\node_modules\yarn\lib\cli.js:66145:18)
      at self.callback (C:\Users\bryan\AppData\Roaming\npm\node_modules\yarn\lib\cli.js:140890:22)
      at Request.emit (node:events:513:28)
      at Request.<anonymous> (C:\Users\bryan\AppData\Roaming\npm\node_modules\yarn\lib\cli.js:141862:10)
      at Request.emit (node:events:513:28)
      at IncomingMessage.<anonymous> (C:\Users\bryan\AppData\Roaming\npm\node_modules\yarn\lib\cli.js:141784:12)
      at Object.onceWrapper (node:events:627:28)
      at IncomingMessage.emit (node:events:525:35)
      at endReadableNT (node:internal/streams/readable:1359:12)
      at process.processTicksAndRejections (node:internal/process/task_queues:82:21)

npm manifest: 
  {
    "name": "conditioner-database",
    "version": "1.0.0",
    "description": "A custom database tool for all my web projects",
    "main": "index.js",
    "author": "Bryan Lee<HairConditioner@github.io>",
    "license": "MIT"
  }

yarn manifest: 
  No manifest

Lockfile: 
  No lockfile
